<?xml version="1.0" encoding="UTF-8"?>
<robot generator="Robot 3.2.1 (Python 3.8.3 on win32)" generated="20200617 12:05:23.113" rpa="false">
<suite id="s1" name="TestProjectEclipse" source="C:\Users\j.antonio\Desktop\robotframeworksampletestscript\TestProjectEclipse">
<suite id="s1-s1" name="Google" source="C:\Users\j.antonio\Desktop\robotframeworksampletestscript\TestProjectEclipse\Google.robot">
<test id="s1-s1-t1" name="OpenBrowser/ Search">
<kw name="Open Browser" library="Selenium2Library">
<doc>Opens a new browser instance to the optional ``url``.</doc>
<arguments>
<arg>https://www.google.com/</arg>
<arg>chrome</arg>
</arguments>
<msg timestamp="20200617 12:05:23.668" level="INFO">Opening browser 'chrome' to base url 'https://www.google.com/'.</msg>
<status status="PASS" starttime="20200617 12:05:23.668" endtime="20200617 12:06:35.449"></status>
</kw>
<kw name="Set Browser Implicit Wait" library="Selenium2Library">
<doc>Sets the implicit wait value used by Selenium.</doc>
<arguments>
<arg>2</arg>
</arguments>
<status status="PASS" starttime="20200617 12:06:35.450" endtime="20200617 12:06:35.453"></status>
</kw>
<kw name="Sleep" library="BuiltIn">
<doc>Pauses the test executed for the given time.</doc>
<arguments>
<arg>1s</arg>
</arguments>
<msg timestamp="20200617 12:06:36.455" level="INFO">Slept 1 second</msg>
<status status="PASS" starttime="20200617 12:06:35.454" endtime="20200617 12:06:36.455"></status>
</kw>
<kw name="Input Text" library="Selenium2Library">
<doc>Types the given ``text`` into the text field identified by ``locator``.</doc>
<arguments>
<arg>name=q</arg>
<arg>Robot Framework</arg>
</arguments>
<msg timestamp="20200617 12:06:36.455" level="INFO">Typing text 'Robot Framework' into text field 'name=q'.</msg>
<status status="PASS" starttime="20200617 12:06:36.455" endtime="20200617 12:06:36.690"></status>
</kw>
<kw name="Press Keys" library="Selenium2Library">
<doc>Simulates the user pressing key(s) to an element or on the active browser.</doc>
<arguments>
<arg>name=q</arg>
<arg>ENTER</arg>
</arguments>
<msg timestamp="20200617 12:06:36.691" level="INFO">Sending key(s) ('ENTER',) to name=q element.</msg>
<msg timestamp="20200617 12:06:36.971" level="INFO">Pressing special key ENTER to element.</msg>
<msg timestamp="20200617 12:06:36.971" level="INFO">Releasing special key ENTER.</msg>
<status status="PASS" starttime="20200617 12:06:36.690" endtime="20200617 12:06:39.107"></status>
</kw>
<kw name="Sleep" library="BuiltIn">
<doc>Pauses the test executed for the given time.</doc>
<arguments>
<arg>1s</arg>
</arguments>
<msg timestamp="20200617 12:06:40.110" level="INFO">Slept 1 second</msg>
<status status="PASS" starttime="20200617 12:06:39.107" endtime="20200617 12:06:40.110"></status>
</kw>
<kw name="Close Browser" library="Selenium2Library">
<doc>Closes the current browser.</doc>
<status status="PASS" starttime="20200617 12:06:40.111" endtime="20200617 12:06:43.334"></status>
</kw>
<kw name="Log To Console" library="BuiltIn">
<doc>Logs the given message to the console.</doc>
<arguments>
<arg>%{username} ran this test on %{os}. Successfully Searched!</arg>
</arguments>
<status status="PASS" starttime="20200617 12:06:43.334" endtime="20200617 12:06:43.335"></status>
</kw>
<status status="PASS" starttime="20200617 12:05:23.667" endtime="20200617 12:06:43.336" critical="yes"></status>
</test>
<status status="PASS" starttime="20200617 12:05:23.206" endtime="20200617 12:06:43.337"></status>
</suite>
<status status="PASS" starttime="20200617 12:05:23.168" endtime="20200617 12:06:43.340"></status>
</suite>
<statistics>
<total>
<stat pass="1" fail="0">Critical Tests</stat>
<stat pass="1" fail="0">All Tests</stat>
</total>
<tag>
</tag>
<suite>
<stat pass="1" fail="0" id="s1" name="TestProjectEclipse">TestProjectEclipse</stat>
<stat pass="1" fail="0" id="s1-s1" name="Google">TestProjectEclipse.Google</stat>
</suite>
</statistics>
<errors>
</errors>
</robot>
